<?xml version="1.0" encoding="UTF-8"?>
<!-- Generated by org.testng.reporters.JUnitXMLReporter -->
<testsuite ignored="0" hostname="Purvin" failures="0" tests="5" name="Smoke" time="1.23" errors="0" timestamp="2023-04-20T14:12:11 EDT">
  <testcase classname="sel.TestSelenium" name="Display" time="0.0">
    <skipped/>
  </testcase> <!-- Display -->
  <testcase classname="sel.TestSelenium" name="Display" time="0.0">
    <skipped/>
  </testcase> <!-- Display -->
  <testcase classname="sel.TestSelenium" name="Display" time="0.0">
    <skipped/>
  </testcase> <!-- Display -->
  <testcase classname="sel.TestSelenium" name="gettitle" time="0.0">
    <skipped/>
  </testcase> <!-- gettitle -->
  <testcase classname="sel.TestSelenium" name="gmailtitle" time="0.0">
    <skipped/>
  </testcase> <!-- gmailtitle -->
</testsuite> <!-- Smoke -->
