<?xml version="1.0" encoding="UTF-8"?>
<!-- Generated by org.testng.reporters.JUnitXMLReporter -->
<testsuite ignored="0" hostname="Purvin" failures="0" tests="5" name="TestN" time="0.05" errors="0" timestamp="2023-04-20T14:12:10 EDT">
  <testcase classname="sel.Testn" name="invalidfname" time="0.008"/>
  <testcase classname="sel.Testn" name="validfname" time="0.001"/>
  <testcase classname="sel.TestNew" name="Writetestcases" time="0.0"/>
  <testcase classname="sel.TestNew" name="executetestcases" time="0.001"/>
  <testcase classname="sel.TestNew" name="Defect" time="0.001"/>
</testsuite> <!-- TestN -->
